  Main.cpp
f:\year 2\term 2\physics in 3d computer graphics\assignment 1\boat game with speedometer\boat game\boat game\main.cpp(166): warning C4838: conversion from 'double' to 'float' requires a narrowing conversion
f:\year 2\term 2\physics in 3d computer graphics\assignment 1\boat game with speedometer\boat game\boat game\main.cpp(166): warning C4305: 'initializing': truncation from 'double' to 'float'
f:\year 2\term 2\physics in 3d computer graphics\assignment 1\boat game with speedometer\boat game\boat game\main.cpp(167): warning C4838: conversion from 'double' to 'float' requires a narrowing conversion
f:\year 2\term 2\physics in 3d computer graphics\assignment 1\boat game with speedometer\boat game\boat game\main.cpp(167): warning C4305: 'initializing': truncation from 'double' to 'float'
f:\year 2\term 2\physics in 3d computer graphics\assignment 1\boat game with speedometer\boat game\boat game\main.cpp(227): warning C4305: 'argument': truncation from 'double' to 'GLfloat'
f:\year 2\term 2\physics in 3d computer graphics\assignment 1\boat game with speedometer\boat game\boat game\main.cpp(232): warning C4305: 'argument': truncation from 'double' to 'GLfloat'
f:\year 2\term 2\physics in 3d computer graphics\assignment 1\boat game with speedometer\boat game\boat game\main.cpp(234): warning C4305: 'argument': truncation from 'double' to 'GLfloat'
f:\year 2\term 2\physics in 3d computer graphics\assignment 1\boat game with speedometer\boat game\boat game\main.cpp(236): warning C4305: 'argument': truncation from 'double' to 'GLfloat'
f:\year 2\term 2\physics in 3d computer graphics\assignment 1\boat game with speedometer\boat game\boat game\main.cpp(238): warning C4305: 'argument': truncation from 'double' to 'GLfloat'
f:\year 2\term 2\physics in 3d computer graphics\assignment 1\boat game with speedometer\boat game\boat game\main.cpp(240): warning C4305: 'argument': truncation from 'double' to 'GLfloat'
f:\year 2\term 2\physics in 3d computer graphics\assignment 1\boat game with speedometer\boat game\boat game\main.cpp(242): warning C4305: 'argument': truncation from 'double' to 'GLfloat'
f:\year 2\term 2\physics in 3d computer graphics\assignment 1\boat game with speedometer\boat game\boat game\main.cpp(244): warning C4305: 'argument': truncation from 'double' to 'GLfloat'
f:\year 2\term 2\physics in 3d computer graphics\assignment 1\boat game with speedometer\boat game\boat game\main.cpp(246): warning C4305: 'argument': truncation from 'double' to 'GLfloat'
f:\year 2\term 2\physics in 3d computer graphics\assignment 1\boat game with speedometer\boat game\boat game\main.cpp(248): warning C4305: 'argument': truncation from 'double' to 'GLfloat'
f:\year 2\term 2\physics in 3d computer graphics\assignment 1\boat game with speedometer\boat game\boat game\main.cpp(250): warning C4305: 'argument': truncation from 'double' to 'GLfloat'
f:\year 2\term 2\physics in 3d computer graphics\assignment 1\boat game with speedometer\boat game\boat game\main.cpp(252): warning C4305: 'argument': truncation from 'double' to 'GLfloat'
f:\year 2\term 2\physics in 3d computer graphics\assignment 1\boat game with speedometer\boat game\boat game\main.cpp(254): warning C4305: 'argument': truncation from 'double' to 'GLfloat'
f:\year 2\term 2\physics in 3d computer graphics\assignment 1\boat game with speedometer\boat game\boat game\main.cpp(256): warning C4305: 'argument': truncation from 'double' to 'GLfloat'
f:\year 2\term 2\physics in 3d computer graphics\assignment 1\boat game with speedometer\boat game\boat game\main.cpp(258): warning C4305: 'argument': truncation from 'double' to 'GLfloat'
f:\year 2\term 2\physics in 3d computer graphics\assignment 1\boat game with speedometer\boat game\boat game\main.cpp(260): warning C4305: 'argument': truncation from 'double' to 'GLfloat'
f:\year 2\term 2\physics in 3d computer graphics\assignment 1\boat game with speedometer\boat game\boat game\main.cpp(268): warning C4305: 'argument': truncation from 'double' to 'GLfloat'
f:\year 2\term 2\physics in 3d computer graphics\assignment 1\boat game with speedometer\boat game\boat game\main.cpp(269): warning C4305: 'argument': truncation from 'double' to 'GLfloat'
f:\year 2\term 2\physics in 3d computer graphics\assignment 1\boat game with speedometer\boat game\boat game\main.cpp(270): warning C4305: 'argument': truncation from 'double' to 'GLfloat'
f:\year 2\term 2\physics in 3d computer graphics\assignment 1\boat game with speedometer\boat game\boat game\main.cpp(271): warning C4305: 'argument': truncation from 'double' to 'GLfloat'
f:\year 2\term 2\physics in 3d computer graphics\assignment 1\boat game with speedometer\boat game\boat game\main.cpp(272): warning C4305: 'argument': truncation from 'double' to 'GLfloat'
f:\year 2\term 2\physics in 3d computer graphics\assignment 1\boat game with speedometer\boat game\boat game\main.cpp(273): warning C4305: 'argument': truncation from 'double' to 'GLfloat'
f:\year 2\term 2\physics in 3d computer graphics\assignment 1\boat game with speedometer\boat game\boat game\main.cpp(274): warning C4305: 'argument': truncation from 'double' to 'GLfloat'
f:\year 2\term 2\physics in 3d computer graphics\assignment 1\boat game with speedometer\boat game\boat game\main.cpp(275): warning C4305: 'argument': truncation from 'double' to 'GLfloat'
f:\year 2\term 2\physics in 3d computer graphics\assignment 1\boat game with speedometer\boat game\boat game\main.cpp(276): warning C4305: 'argument': truncation from 'double' to 'GLfloat'
f:\year 2\term 2\physics in 3d computer graphics\assignment 1\boat game with speedometer\boat game\boat game\main.cpp(277): warning C4305: 'argument': truncation from 'double' to 'GLfloat'
f:\year 2\term 2\physics in 3d computer graphics\assignment 1\boat game with speedometer\boat game\boat game\main.cpp(278): warning C4305: 'argument': truncation from 'double' to 'GLfloat'
f:\year 2\term 2\physics in 3d computer graphics\assignment 1\boat game with speedometer\boat game\boat game\main.cpp(279): warning C4305: 'argument': truncation from 'double' to 'GLfloat'
f:\year 2\term 2\physics in 3d computer graphics\assignment 1\boat game with speedometer\boat game\boat game\main.cpp(280): warning C4305: 'argument': truncation from 'double' to 'GLfloat'
f:\year 2\term 2\physics in 3d computer graphics\assignment 1\boat game with speedometer\boat game\boat game\main.cpp(281): warning C4305: 'argument': truncation from 'double' to 'GLfloat'
f:\year 2\term 2\physics in 3d computer graphics\assignment 1\boat game with speedometer\boat game\boat game\main.cpp(1075): warning C4305: 'argument': truncation from 'double' to 'GLfloat'
f:\year 2\term 2\physics in 3d computer graphics\assignment 1\boat game with speedometer\boat game\boat game\main.cpp(1076): warning C4305: 'argument': truncation from 'double' to 'GLfloat'
f:\year 2\term 2\physics in 3d computer graphics\assignment 1\boat game with speedometer\boat game\boat game\main.cpp(2014): warning C4838: conversion from 'double' to 'float' requires a narrowing conversion
f:\year 2\term 2\physics in 3d computer graphics\assignment 1\boat game with speedometer\boat game\boat game\main.cpp(2014): warning C4305: 'initializing': truncation from 'double' to 'float'
f:\year 2\term 2\physics in 3d computer graphics\assignment 1\boat game with speedometer\boat game\boat game\main.cpp(2062): warning C4305: '+=': truncation from 'double' to 'float'
f:\year 2\term 2\physics in 3d computer graphics\assignment 1\boat game with speedometer\boat game\boat game\main.cpp(2069): warning C4305: '-=': truncation from 'double' to 'float'
  Boat Game.vcxproj -> F:\Year 2\Term 2\Physics in 3D computer graphics\Assignment 1\Boat Game with speedometer\Boat Game\Debug\Boat Game.exe
  Boat Game.vcxproj -> F:\Year 2\Term 2\Physics in 3D computer graphics\Assignment 1\Boat Game with speedometer\Boat Game\Debug\Boat Game.pdb (Partial PDB)
